Flow report for USB_module
Fri Dec 31 16:48:19 2021
Quartus Prime Version 17.1.0 Build 590 10/25/2017 SJ Lite Edition


---------------------
; Table of Contents ;
---------------------
  1. Legal Notice
  2. Flow Summary
  3. Flow Settings
  4. Flow Non-Default Global Settings
  5. Flow Elapsed Time
  6. Flow OS Summary
  7. Flow Log
  8. Flow Messages
  9. Flow Suppressed Messages



----------------
; Legal Notice ;
----------------
Copyright (C) 2017  Intel Corporation. All rights reserved.
Your use of Intel Corporation's design tools, logic functions 
and other software and tools, and its AMPP partner logic 
functions, and any output files from any of the foregoing 
(including device programming or simulation files), and any 
associated documentation or information are expressly subject 
to the terms and conditions of the Intel Program License 
Subscription Agreement, the Intel Quartus Prime License Agreement,
the Intel FPGA IP License Agreement, or other applicable license
agreement, including, without limitation, that your use is for
the sole purpose of programming logic devices manufactured by
Intel and sold by Intel or its authorized distributors.  Please
refer to the applicable agreement for further details.



+----------------------------------------------------------------------------------+
; Flow Summary                                                                     ;
+------------------------------------+---------------------------------------------+
; Flow Status                        ; Successful - Fri Dec 31 16:48:12 2021       ;
; Quartus Prime Version              ; 17.1.0 Build 590 10/25/2017 SJ Lite Edition ;
; Revision Name                      ; USB_module                                  ;
; Top-level Entity Name              ; DE2_115_Media_Computer                      ;
; Family                             ; Cyclone IV E                                ;
; Device                             ; EP4CE115F29C7                               ;
; Timing Models                      ; Final                                       ;
; Total logic elements               ; 7,449 / 114,480 ( 7 % )                     ;
;     Total combinational functions  ; 6,700 / 114,480 ( 6 % )                     ;
;     Dedicated logic registers      ; 4,549 / 114,480 ( 4 % )                     ;
; Total registers                    ; 4668                                        ;
; Total pins                         ; 371 / 529 ( 70 % )                          ;
; Total virtual pins                 ; 0                                           ;
; Total memory bits                  ; 331,904 / 3,981,312 ( 8 % )                 ;
; Embedded Multiplier 9-bit elements ; 6 / 532 ( 1 % )                             ;
; Total PLLs                         ; 1 / 4 ( 25 % )                              ;
+------------------------------------+---------------------------------------------+


+-----------------------------------------+
; Flow Settings                           ;
+-------------------+---------------------+
; Option            ; Setting             ;
+-------------------+---------------------+
; Start date & time ; 12/31/2021 16:46:14 ;
; Main task         ; Compilation         ;
; Revision Name     ; USB_module          ;
+-------------------+---------------------+


+----------------------------------------------------------------------------------------------------------------------------------------------------------+
; Flow Non-Default Global Settings                                                                                                                         ;
+-------------------------------------+--------------------------------------------------------------+---------------+------------------------+------------+
; Assignment Name                     ; Value                                                        ; Default Value ; Entity Name            ; Section Id ;
+-------------------------------------+--------------------------------------------------------------+---------------+------------------------+------------+
; COMPILER_SIGNATURE_ID               ; 238368715721466.164096557318300                              ; --            ; --                     ; --         ;
; MAX_CORE_JUNCTION_TEMP              ; 85                                                           ; --            ; --                     ; --         ;
; MIN_CORE_JUNCTION_TEMP              ; 0                                                            ; --            ; --                     ; --         ;
; MISC_FILE                           ; niosii_USB/synthesis/../niosii_USB.cmp                       ; --            ; --                     ; --         ;
; MISC_FILE                           ; niosii_USB/synthesis/../../niosii_USB.qsys                   ; --            ; --                     ; --         ;
; NOMINAL_CORE_SUPPLY_VOLTAGE         ; 1.2V                                                         ; --            ; --                     ; --         ;
; PARTITION_COLOR                     ; -- (Not supported for targeted family)                       ; --            ; DE2_115_Media_Computer ; Top        ;
; PARTITION_FITTER_PRESERVATION_LEVEL ; -- (Not supported for targeted family)                       ; --            ; DE2_115_Media_Computer ; Top        ;
; PARTITION_NETLIST_TYPE              ; -- (Not supported for targeted family)                       ; --            ; DE2_115_Media_Computer ; Top        ;
; PROJECT_OUTPUT_DIRECTORY            ; output_files                                                 ; --            ; --                     ; --         ;
; SLD_FILE                            ; niosii_USB/synthesis/niosii_USB.regmap                       ; --            ; --                     ; --         ;
; SLD_FILE                            ; niosii_USB/synthesis/niosii_USB.debuginfo                    ; --            ; --                     ; --         ;
; SLD_INFO                            ; QSYS_NAME niosii_USB HAS_SOPCINFO 1 GENERATION_ID 1640965422 ; --            ; niosii_USB             ; --         ;
; SOPCINFO_FILE                       ; niosii_USB/synthesis/../../niosii_USB.sopcinfo               ; --            ; --                     ; --         ;
; SYNTHESIS_ONLY_QIP                  ; On                                                           ; --            ; --                     ; --         ;
; TOP_LEVEL_ENTITY                    ; DE2_115_Media_Computer                                       ; USB_module    ; --                     ; --         ;
+-------------------------------------+--------------------------------------------------------------+---------------+------------------------+------------+


+-------------------------------------------------------------------------------------------------------------------------------+
; Flow Elapsed Time                                                                                                             ;
+---------------------------+--------------+-------------------------+---------------------+------------------------------------+
; Module Name               ; Elapsed Time ; Average Processors Used ; Peak Virtual Memory ; Total CPU Time (on all processors) ;
+---------------------------+--------------+-------------------------+---------------------+------------------------------------+
; Analysis & Synthesis      ; 00:01:04     ; 1.0                     ; 5001 MB             ; 00:01:24                           ;
; Fitter                    ; 00:00:41     ; 1.0                     ; 5875 MB             ; 00:00:54                           ;
; Assembler                 ; 00:00:05     ; 1.0                     ; 4717 MB             ; 00:00:04                           ;
; TimeQuest Timing Analyzer ; 00:00:06     ; 1.2                     ; 4926 MB             ; 00:00:06                           ;
; Total                     ; 00:01:56     ; --                      ; --                  ; 00:02:28                           ;
+---------------------------+--------------+-------------------------+---------------------+------------------------------------+


+-----------------------------------------------------------------------------------------+
; Flow OS Summary                                                                         ;
+---------------------------+------------------+------------+------------+----------------+
; Module Name               ; Machine Hostname ; OS Name    ; OS Version ; Processor type ;
+---------------------------+------------------+------------+------------+----------------+
; Analysis & Synthesis      ; BORJA-PC         ; Windows 10 ; 10.0       ; x86_64         ;
; Fitter                    ; BORJA-PC         ; Windows 10 ; 10.0       ; x86_64         ;
; Assembler                 ; BORJA-PC         ; Windows 10 ; 10.0       ; x86_64         ;
; TimeQuest Timing Analyzer ; BORJA-PC         ; Windows 10 ; 10.0       ; x86_64         ;
+---------------------------+------------------+------------+------------+----------------+


------------
; Flow Log ;
------------
quartus_map --read_settings_files=on --write_settings_files=off USB_module -c USB_module
quartus_fit --read_settings_files=off --write_settings_files=off USB_module -c USB_module
quartus_asm --read_settings_files=off --write_settings_files=off USB_module -c USB_module
quartus_sta USB_module -c USB_module



